2014/06/12 17:44:22 [trace] [system.CModule] Loading "log" application component
in /home/sprytechies/www/jfinder/index.php (13)
2014/06/12 17:44:22 [trace] [system.CModule] Loading "urlManager" application component
in /home/sprytechies/www/jfinder/protected/extensions/yii-debug-toolbar/yii-debug-toolbar/YiiDebugToolbarRoute.php (113)
in /home/sprytechies/www/jfinder/index.php (13)
2014/06/12 17:44:22 [trace] [system.CModule] Loading "request" application component
in /home/sprytechies/www/jfinder/protected/extensions/yii-debug-toolbar/yii-debug-toolbar/YiiDebugToolbarRoute.php (113)
in /home/sprytechies/www/jfinder/index.php (13)
2014/06/12 17:44:22 [trace] [system.CModule] Loading "viewRenderer" application component
in /home/sprytechies/www/jfinder/protected/extensions/yii-debug-toolbar/yii-debug-toolbar/panels/YiiDebugToolbarPanelViews.php (36)
in /home/sprytechies/www/jfinder/protected/extensions/yii-debug-toolbar/yii-debug-toolbar/YiiDebugToolbar.php (171)
in /home/sprytechies/www/jfinder/protected/extensions/yii-debug-toolbar/yii-debug-toolbar/YiiDebugToolbar.php (105)
2014/06/12 17:44:22 [trace] [system.CModule] Loading "db" application component
in /home/sprytechies/www/jfinder/protected/extensions/yii-debug-toolbar/yii-debug-toolbar/panels/YiiDebugToolbarPanelSql.php (47)
in /home/sprytechies/www/jfinder/protected/extensions/yii-debug-toolbar/yii-debug-toolbar/YiiDebugToolbar.php (163)
in /home/sprytechies/www/jfinder/protected/extensions/yii-debug-toolbar/yii-debug-toolbar/YiiDebugToolbar.php (105)
2014/06/12 17:44:22 [trace] [system.db.CDbConnection] Opening DB connection
in /home/sprytechies/www/jfinder/protected/extensions/yii-debug-toolbar/yii-debug-toolbar/panels/YiiDebugToolbarPanelSql.php (47)
in /home/sprytechies/www/jfinder/protected/extensions/yii-debug-toolbar/yii-debug-toolbar/YiiDebugToolbar.php (163)
in /home/sprytechies/www/jfinder/protected/extensions/yii-debug-toolbar/yii-debug-toolbar/YiiDebugToolbar.php (105)
2014/06/12 17:44:22 [trace] [system.CModule] Loading "clientScript" application component
in /home/sprytechies/www/jfinder/protected/extensions/yii-debug-toolbar/yii-debug-toolbar/YiiDebugToolbar.php (126)
in /home/sprytechies/www/jfinder/protected/extensions/yii-debug-toolbar/yii-debug-toolbar/YiiDebugToolbar.php (106)
in /home/sprytechies/www/jfinder/protected/extensions/yii-debug-toolbar/yii-debug-toolbar/YiiDebugToolbarRoute.php (139)
2014/06/12 17:44:22 [trace] [system.CModule] Loading "assetManager" application component
in /home/sprytechies/www/jfinder/protected/extensions/yii-debug-toolbar/yii-debug-toolbar/YiiDebugToolbar.php (72)
in /home/sprytechies/www/jfinder/protected/extensions/yii-debug-toolbar/yii-debug-toolbar/YiiDebugToolbar.php (129)
in /home/sprytechies/www/jfinder/protected/extensions/yii-debug-toolbar/yii-debug-toolbar/YiiDebugToolbar.php (106)
2014/06/12 17:44:22 [trace] [system.web.filters.CFilterChain] Running filter SiteController.filteraccessControl()
in /home/sprytechies/www/jfinder/index.php (13)
2014/06/12 17:44:22 [trace] [system.CModule] Loading "user" application component
in /home/sprytechies/www/jfinder/index.php (13)
2014/06/12 17:44:22 [trace] [system.CModule] Loading "session" application component
in /home/sprytechies/www/jfinder/index.php (13)
2014/06/12 17:44:22 [trace] [system.db.CDbConnection] Opening DB connection
in /home/sprytechies/www/jfinder/index.php (13)
2014/06/12 17:44:22 [error] [exception.CDbException] exception 'CDbException' with message 'CDbConnection failed to open the DB connection: could not find driver' in /home/sprytechies/www/jfinder/yii-framework/framework/db/CDbConnection.php:382
Stack trace:
#0 /home/sprytechies/www/jfinder/yii-framework/framework/db/CDbConnection.php(330): CDbConnection->open()
#1 /home/sprytechies/www/jfinder/yii-framework/framework/web/CDbHttpSession.php(200): CDbConnection->setActive(true)
#2 [internal function]: CDbHttpSession->openSession('/var/lib/php5', 'PHPSESSID')
#3 /home/sprytechies/www/jfinder/yii-framework/framework/web/CHttpSession.php(114): session_start()
#4 /home/sprytechies/www/jfinder/yii-framework/framework/web/CHttpSession.php(88): CHttpSession->open()
#5 /home/sprytechies/www/jfinder/yii-framework/framework/base/CModule.php(387): CHttpSession->init()
#6 /home/sprytechies/www/jfinder/yii-framework/framework/web/CWebApplication.php(201): CModule->getComponent('session')
#7 /home/sprytechies/www/jfinder/yii-framework/framework/web/auth/CWebUser.php(199): CWebApplication->getSession()
#8 /home/sprytechies/www/jfinder/yii-framework/framework/base/CModule.php(387): CWebUser->init()
#9 /home/sprytechies/www/jfinder/yii-framework/framework/web/CWebApplication.php(209): CModule->getComponent('user')
#10 /home/sprytechies/www/jfinder/yii-framework/framework/web/auth/CAccessControlFilter.php(132): CWebApplication->getUser()
#11 /home/sprytechies/www/jfinder/yii-framework/framework/web/filters/CFilter.php(38): CAccessControlFilter->preFilter(Object(CFilterChain))
#12 /home/sprytechies/www/jfinder/yii-framework/framework/web/CController.php(1145): CFilter->filter(Object(CFilterChain))
#13 /home/sprytechies/www/jfinder/yii-framework/framework/web/filters/CInlineFilter.php(58): CController->filterAccessControl(Object(CFilterChain))
#14 /home/sprytechies/www/jfinder/yii-framework/framework/web/filters/CFilterChain.php(130): CInlineFilter->filter(Object(CFilterChain))
#15 /home/sprytechies/www/jfinder/yii-framework/framework/web/CController.php(291): CFilterChain->run()
#16 /home/sprytechies/www/jfinder/yii-framework/framework/web/CController.php(265): CController->runActionWithFilters(Object(CInlineAction), Array)
#17 /home/sprytechies/www/jfinder/yii-framework/framework/web/CWebApplication.php(282): CController->run('logout')
#18 /home/sprytechies/www/jfinder/yii-framework/framework/web/CWebApplication.php(141): CWebApplication->runController('site/logout')
#19 /home/sprytechies/www/jfinder/yii-framework/framework/base/CApplication.php(180): CWebApplication->processRequest()
#20 /home/sprytechies/www/jfinder/index.php(13): CApplication->run()
#21 {main}
REQUEST_URI=/jfinder/index.php?r=site/logout
HTTP_REFERER=http://localhost/jfinder/index.php?r=admin/jobTerms/index
---
2014/06/12 17:44:22 [trace] [system.CModule] Loading "errorHandler" application component
2014/06/12 17:44:22 [trace] [system.CModule] Loading "themeManager" application component
2014/06/12 17:44:22 [trace] [system.CModule] Loading "messages" application component
in /home/sprytechies/www/jfinder/protected/extensions/yii-debug-toolbar/yii-debug-toolbar/YiiDebug.php (56)
in /home/sprytechies/www/jfinder/protected/extensions/yii-debug-toolbar/yii-debug-toolbar/views/main.php (2)
in /home/sprytechies/www/jfinder/protected/extensions/yii-debug-toolbar/yii-debug-toolbar/YiiDebugViewRenderer.php (40)
2014/06/12 17:44:22 [trace] [system.CModule] Loading "widgetFactory" application component
in /home/sprytechies/www/jfinder/protected/extensions/yii-debug-toolbar/yii-debug-toolbar/views/main.php (5)
in /home/sprytechies/www/jfinder/protected/extensions/yii-debug-toolbar/yii-debug-toolbar/YiiDebugViewRenderer.php (40)
in /home/sprytechies/www/jfinder/protected/extensions/yii-debug-toolbar/yii-debug-toolbar/YiiDebugToolbar.php (116)
2014/06/12 17:44:32 [trace] [system.CModule] Loading "log" application component
in /home/sprytechies/www/jfinder/index.php (13)
2014/06/12 17:44:32 [trace] [system.CModule] Loading "urlManager" application component
in /home/sprytechies/www/jfinder/protected/extensions/yii-debug-toolbar/yii-debug-toolbar/YiiDebugToolbarRoute.php (113)
in /home/sprytechies/www/jfinder/index.php (13)
2014/06/12 17:44:32 [trace] [system.CModule] Loading "request" application component
in /home/sprytechies/www/jfinder/protected/extensions/yii-debug-toolbar/yii-debug-toolbar/YiiDebugToolbarRoute.php (113)
in /home/sprytechies/www/jfinder/index.php (13)
2014/06/12 17:44:32 [trace] [system.CModule] Loading "viewRenderer" application component
in /home/sprytechies/www/jfinder/protected/extensions/yii-debug-toolbar/yii-debug-toolbar/panels/YiiDebugToolbarPanelViews.php (36)
in /home/sprytechies/www/jfinder/protected/extensions/yii-debug-toolbar/yii-debug-toolbar/YiiDebugToolbar.php (171)
in /home/sprytechies/www/jfinder/protected/extensions/yii-debug-toolbar/yii-debug-toolbar/YiiDebugToolbar.php (105)
2014/06/12 17:44:32 [trace] [system.CModule] Loading "db" application component
in /home/sprytechies/www/jfinder/protected/extensions/yii-debug-toolbar/yii-debug-toolbar/panels/YiiDebugToolbarPanelSql.php (47)
in /home/sprytechies/www/jfinder/protected/extensions/yii-debug-toolbar/yii-debug-toolbar/YiiDebugToolbar.php (163)
in /home/sprytechies/www/jfinder/protected/extensions/yii-debug-toolbar/yii-debug-toolbar/YiiDebugToolbar.php (105)
2014/06/12 17:44:32 [trace] [system.db.CDbConnection] Opening DB connection
in /home/sprytechies/www/jfinder/protected/extensions/yii-debug-toolbar/yii-debug-toolbar/panels/YiiDebugToolbarPanelSql.php (47)
in /home/sprytechies/www/jfinder/protected/extensions/yii-debug-toolbar/yii-debug-toolbar/YiiDebugToolbar.php (163)
in /home/sprytechies/www/jfinder/protected/extensions/yii-debug-toolbar/yii-debug-toolbar/YiiDebugToolbar.php (105)
2014/06/12 17:44:32 [trace] [system.CModule] Loading "clientScript" application component
in /home/sprytechies/www/jfinder/protected/extensions/yii-debug-toolbar/yii-debug-toolbar/YiiDebugToolbar.php (126)
in /home/sprytechies/www/jfinder/protected/extensions/yii-debug-toolbar/yii-debug-toolbar/YiiDebugToolbar.php (106)
in /home/sprytechies/www/jfinder/protected/extensions/yii-debug-toolbar/yii-debug-toolbar/YiiDebugToolbarRoute.php (139)
2014/06/12 17:44:32 [trace] [system.CModule] Loading "assetManager" application component
in /home/sprytechies/www/jfinder/protected/extensions/yii-debug-toolbar/yii-debug-toolbar/YiiDebugToolbar.php (72)
in /home/sprytechies/www/jfinder/protected/extensions/yii-debug-toolbar/yii-debug-toolbar/YiiDebugToolbar.php (129)
in /home/sprytechies/www/jfinder/protected/extensions/yii-debug-toolbar/yii-debug-toolbar/YiiDebugToolbar.php (106)
2014/06/12 17:44:32 [trace] [system.base.CModule] Loading "admin" module
in /home/sprytechies/www/jfinder/index.php (13)
2014/06/12 17:44:32 [trace] [system.CModule] Loading "bootstrap" application component
in /home/sprytechies/www/jfinder/protected/modules/admin/AdminModule.php (68)
in /home/sprytechies/www/jfinder/protected/modules/admin/AdminModule.php (60)
in /home/sprytechies/www/jfinder/index.php (13)
2014/06/12 17:44:32 [trace] [system.db.CDbCommand] Querying SQL: SHOW FULL COLUMNS FROM `terms`
in /home/sprytechies/www/jfinder/protected/modules/admin/controllers/JobTermsController.php (14)
in /home/sprytechies/www/jfinder/index.php (13)
2014/06/12 17:44:32 [trace] [system.db.CDbCommand] Querying SQL: SHOW CREATE TABLE `terms`
in /home/sprytechies/www/jfinder/protected/modules/admin/controllers/JobTermsController.php (14)
in /home/sprytechies/www/jfinder/index.php (13)
2014/06/12 17:44:32 [trace] [system.CModule] Loading "user" application component
in /home/sprytechies/www/jfinder/protected/modules/admin/components/AdminController.php (37)
in /home/sprytechies/www/jfinder/protected/modules/admin/controllers/JobTermsController.php (25)
in /home/sprytechies/www/jfinder/index.php (13)
2014/06/12 17:44:32 [trace] [system.CModule] Loading "session" application component
in /home/sprytechies/www/jfinder/protected/modules/admin/components/AdminController.php (37)
in /home/sprytechies/www/jfinder/protected/modules/admin/controllers/JobTermsController.php (25)
in /home/sprytechies/www/jfinder/index.php (13)
2014/06/12 17:44:32 [trace] [system.db.CDbConnection] Opening DB connection
in /home/sprytechies/www/jfinder/protected/modules/admin/components/AdminController.php (37)
in /home/sprytechies/www/jfinder/protected/modules/admin/controllers/JobTermsController.php (25)
in /home/sprytechies/www/jfinder/index.php (13)
2014/06/12 17:44:32 [error] [exception.CDbException] exception 'CDbException' with message 'CDbConnection failed to open the DB connection: could not find driver' in /home/sprytechies/www/jfinder/yii-framework/framework/db/CDbConnection.php:382
Stack trace:
#0 /home/sprytechies/www/jfinder/yii-framework/framework/db/CDbConnection.php(330): CDbConnection->open()
#1 /home/sprytechies/www/jfinder/yii-framework/framework/web/CDbHttpSession.php(200): CDbConnection->setActive(true)
#2 [internal function]: CDbHttpSession->openSession('/var/lib/php5', 'PHPSESSID')
#3 /home/sprytechies/www/jfinder/yii-framework/framework/web/CHttpSession.php(114): session_start()
#4 /home/sprytechies/www/jfinder/yii-framework/framework/web/CHttpSession.php(88): CHttpSession->open()
#5 /home/sprytechies/www/jfinder/yii-framework/framework/base/CModule.php(387): CHttpSession->init()
#6 /home/sprytechies/www/jfinder/yii-framework/framework/web/CWebApplication.php(201): CModule->getComponent('session')
#7 /home/sprytechies/www/jfinder/yii-framework/framework/web/auth/CWebUser.php(199): CWebApplication->getSession()
#8 /home/sprytechies/www/jfinder/yii-framework/framework/base/CModule.php(387): CWebUser->init()
#9 /home/sprytechies/www/jfinder/yii-framework/framework/base/CModule.php(103): CModule->getComponent('user')
#10 /home/sprytechies/www/jfinder/protected/modules/admin/components/AdminController.php(37): CModule->__get('user')
#11 /home/sprytechies/www/jfinder/yii-framework/framework/web/CController.php(780): AdminController->beforeRender('index')
#12 /home/sprytechies/www/jfinder/protected/modules/admin/controllers/JobTermsController.php(25): CController->render('index', Array)
#13 /home/sprytechies/www/jfinder/yii-framework/framework/web/actions/CInlineAction.php(49): JobTermsController->actionIndex()
#14 /home/sprytechies/www/jfinder/yii-framework/framework/web/CController.php(308): CInlineAction->runWithParams(Array)
#15 /home/sprytechies/www/jfinder/yii-framework/framework/web/CController.php(286): CController->runAction(Object(CInlineAction))
#16 /home/sprytechies/www/jfinder/yii-framework/framework/web/CController.php(265): CController->runActionWithFilters(Object(CInlineAction), Array)
#17 /home/sprytechies/www/jfinder/yii-framework/framework/web/CWebApplication.php(282): CController->run('index')
#18 /home/sprytechies/www/jfinder/yii-framework/framework/web/CWebApplication.php(141): CWebApplication->runController('admin/jobTerms/...')
#19 /home/sprytechies/www/jfinder/yii-framework/framework/base/CApplication.php(180): CWebApplication->processRequest()
#20 /home/sprytechies/www/jfinder/index.php(13): CApplication->run()
#21 {main}
REQUEST_URI=/jfinder/index.php?r=admin/jobTerms/index
HTTP_REFERER=http://localhost/jfinder/index.php?r=admin/jobs/index
---
2014/06/12 17:44:32 [trace] [system.CModule] Loading "errorHandler" application component
2014/06/12 17:44:32 [trace] [system.CModule] Loading "themeManager" application component
2014/06/12 17:44:32 [trace] [system.CModule] Loading "messages" application component
in /home/sprytechies/www/jfinder/protected/extensions/yii-debug-toolbar/yii-debug-toolbar/YiiDebug.php (56)
in /home/sprytechies/www/jfinder/protected/extensions/yii-debug-toolbar/yii-debug-toolbar/views/main.php (2)
in /home/sprytechies/www/jfinder/protected/extensions/yii-debug-toolbar/yii-debug-toolbar/YiiDebugViewRenderer.php (40)
2014/06/12 17:44:32 [trace] [system.CModule] Loading "widgetFactory" application component
in /home/sprytechies/www/jfinder/protected/extensions/yii-debug-toolbar/yii-debug-toolbar/views/main.php (5)
in /home/sprytechies/www/jfinder/protected/extensions/yii-debug-toolbar/yii-debug-toolbar/YiiDebugViewRenderer.php (40)
in /home/sprytechies/www/jfinder/protected/extensions/yii-debug-toolbar/yii-debug-toolbar/YiiDebugToolbar.php (116)
2014/06/12 17:44:41 [trace] [system.CModule] Loading "log" application component
in /home/sprytechies/www/jfinder/index.php (13)
2014/06/12 17:44:41 [trace] [system.CModule] Loading "urlManager" application component
in /home/sprytechies/www/jfinder/protected/extensions/yii-debug-toolbar/yii-debug-toolbar/YiiDebugToolbarRoute.php (113)
in /home/sprytechies/www/jfinder/index.php (13)
2014/06/12 17:44:41 [trace] [system.CModule] Loading "request" application component
in /home/sprytechies/www/jfinder/protected/extensions/yii-debug-toolbar/yii-debug-toolbar/YiiDebugToolbarRoute.php (113)
in /home/sprytechies/www/jfinder/index.php (13)
2014/06/12 17:44:41 [trace] [system.CModule] Loading "viewRenderer" application component
in /home/sprytechies/www/jfinder/protected/extensions/yii-debug-toolbar/yii-debug-toolbar/panels/YiiDebugToolbarPanelViews.php (36)
in /home/sprytechies/www/jfinder/protected/extensions/yii-debug-toolbar/yii-debug-toolbar/YiiDebugToolbar.php (171)
in /home/sprytechies/www/jfinder/protected/extensions/yii-debug-toolbar/yii-debug-toolbar/YiiDebugToolbar.php (105)
2014/06/12 17:44:41 [trace] [system.CModule] Loading "db" application component
in /home/sprytechies/www/jfinder/protected/extensions/yii-debug-toolbar/yii-debug-toolbar/panels/YiiDebugToolbarPanelSql.php (47)
in /home/sprytechies/www/jfinder/protected/extensions/yii-debug-toolbar/yii-debug-toolbar/YiiDebugToolbar.php (163)
in /home/sprytechies/www/jfinder/protected/extensions/yii-debug-toolbar/yii-debug-toolbar/YiiDebugToolbar.php (105)
2014/06/12 17:44:41 [trace] [system.db.CDbConnection] Opening DB connection
in /home/sprytechies/www/jfinder/protected/extensions/yii-debug-toolbar/yii-debug-toolbar/panels/YiiDebugToolbarPanelSql.php (47)
in /home/sprytechies/www/jfinder/protected/extensions/yii-debug-toolbar/yii-debug-toolbar/YiiDebugToolbar.php (163)
in /home/sprytechies/www/jfinder/protected/extensions/yii-debug-toolbar/yii-debug-toolbar/YiiDebugToolbar.php (105)
2014/06/12 17:44:41 [trace] [system.CModule] Loading "clientScript" application component
in /home/sprytechies/www/jfinder/protected/extensions/yii-debug-toolbar/yii-debug-toolbar/YiiDebugToolbar.php (126)
in /home/sprytechies/www/jfinder/protected/extensions/yii-debug-toolbar/yii-debug-toolbar/YiiDebugToolbar.php (106)
in /home/sprytechies/www/jfinder/protected/extensions/yii-debug-toolbar/yii-debug-toolbar/YiiDebugToolbarRoute.php (139)
2014/06/12 17:44:41 [trace] [system.CModule] Loading "assetManager" application component
in /home/sprytechies/www/jfinder/protected/extensions/yii-debug-toolbar/yii-debug-toolbar/YiiDebugToolbar.php (72)
in /home/sprytechies/www/jfinder/protected/extensions/yii-debug-toolbar/yii-debug-toolbar/YiiDebugToolbar.php (129)
in /home/sprytechies/www/jfinder/protected/extensions/yii-debug-toolbar/yii-debug-toolbar/YiiDebugToolbar.php (106)
2014/06/12 17:44:41 [trace] [system.base.CModule] Loading "admin" module
in /home/sprytechies/www/jfinder/index.php (13)
2014/06/12 17:44:41 [trace] [system.CModule] Loading "bootstrap" application component
in /home/sprytechies/www/jfinder/protected/modules/admin/AdminModule.php (68)
in /home/sprytechies/www/jfinder/protected/modules/admin/AdminModule.php (60)
in /home/sprytechies/www/jfinder/index.php (13)
2014/06/12 17:44:41 [trace] [system.db.CDbCommand] Querying SQL: SHOW FULL COLUMNS FROM `jobs`
in /home/sprytechies/www/jfinder/protected/modules/admin/controllers/JobsController.php (22)
in /home/sprytechies/www/jfinder/index.php (13)
2014/06/12 17:44:41 [trace] [system.db.CDbCommand] Querying SQL: SHOW CREATE TABLE `jobs`
in /home/sprytechies/www/jfinder/protected/modules/admin/controllers/JobsController.php (22)
in /home/sprytechies/www/jfinder/index.php (13)
2014/06/12 17:44:41 [trace] [system.CModule] Loading "user" application component
in /home/sprytechies/www/jfinder/protected/modules/admin/components/AdminController.php (37)
in /home/sprytechies/www/jfinder/protected/modules/admin/controllers/JobsController.php (27)
in /home/sprytechies/www/jfinder/index.php (13)
2014/06/12 17:44:41 [trace] [system.CModule] Loading "session" application component
in /home/sprytechies/www/jfinder/protected/modules/admin/components/AdminController.php (37)
in /home/sprytechies/www/jfinder/protected/modules/admin/controllers/JobsController.php (27)
in /home/sprytechies/www/jfinder/index.php (13)
2014/06/12 17:44:41 [trace] [system.db.CDbConnection] Opening DB connection
in /home/sprytechies/www/jfinder/protected/modules/admin/components/AdminController.php (37)
in /home/sprytechies/www/jfinder/protected/modules/admin/controllers/JobsController.php (27)
in /home/sprytechies/www/jfinder/index.php (13)
2014/06/12 17:44:41 [error] [exception.CDbException] exception 'CDbException' with message 'CDbConnection failed to open the DB connection: could not find driver' in /home/sprytechies/www/jfinder/yii-framework/framework/db/CDbConnection.php:382
Stack trace:
#0 /home/sprytechies/www/jfinder/yii-framework/framework/db/CDbConnection.php(330): CDbConnection->open()
#1 /home/sprytechies/www/jfinder/yii-framework/framework/web/CDbHttpSession.php(200): CDbConnection->setActive(true)
#2 [internal function]: CDbHttpSession->openSession('/var/lib/php5', 'PHPSESSID')
#3 /home/sprytechies/www/jfinder/yii-framework/framework/web/CHttpSession.php(114): session_start()
#4 /home/sprytechies/www/jfinder/yii-framework/framework/web/CHttpSession.php(88): CHttpSession->open()
#5 /home/sprytechies/www/jfinder/yii-framework/framework/base/CModule.php(387): CHttpSession->init()
#6 /home/sprytechies/www/jfinder/yii-framework/framework/web/CWebApplication.php(201): CModule->getComponent('session')
#7 /home/sprytechies/www/jfinder/yii-framework/framework/web/auth/CWebUser.php(199): CWebApplication->getSession()
#8 /home/sprytechies/www/jfinder/yii-framework/framework/base/CModule.php(387): CWebUser->init()
#9 /home/sprytechies/www/jfinder/yii-framework/framework/base/CModule.php(103): CModule->getComponent('user')
#10 /home/sprytechies/www/jfinder/protected/modules/admin/components/AdminController.php(37): CModule->__get('user')
#11 /home/sprytechies/www/jfinder/yii-framework/framework/web/CController.php(780): AdminController->beforeRender('index')
#12 /home/sprytechies/www/jfinder/protected/modules/admin/controllers/JobsController.php(27): CController->render('index', Array)
#13 /home/sprytechies/www/jfinder/yii-framework/framework/web/actions/CInlineAction.php(49): JobsController->actionIndex()
#14 /home/sprytechies/www/jfinder/yii-framework/framework/web/CController.php(308): CInlineAction->runWithParams(Array)
#15 /home/sprytechies/www/jfinder/yii-framework/framework/web/CController.php(286): CController->runAction(Object(CInlineAction))
#16 /home/sprytechies/www/jfinder/yii-framework/framework/web/CController.php(265): CController->runActionWithFilters(Object(CInlineAction), Array)
#17 /home/sprytechies/www/jfinder/yii-framework/framework/web/CWebApplication.php(282): CController->run('index')
#18 /home/sprytechies/www/jfinder/yii-framework/framework/web/CWebApplication.php(141): CWebApplication->runController('admin/jobs/inde...')
#19 /home/sprytechies/www/jfinder/yii-framework/framework/base/CApplication.php(180): CWebApplication->processRequest()
#20 /home/sprytechies/www/jfinder/index.php(13): CApplication->run()
#21 {main}
REQUEST_URI=/jfinder/index.php?r=admin/jobs/index
HTTP_REFERER=http://localhost/jfinder/index.php?r=admin/company/index
---
2014/06/12 17:44:41 [trace] [system.CModule] Loading "errorHandler" application component
2014/06/12 17:44:41 [trace] [system.CModule] Loading "themeManager" application component
2014/06/12 17:44:41 [trace] [system.CModule] Loading "messages" application component
in /home/sprytechies/www/jfinder/protected/extensions/yii-debug-toolbar/yii-debug-toolbar/YiiDebug.php (56)
in /home/sprytechies/www/jfinder/protected/extensions/yii-debug-toolbar/yii-debug-toolbar/views/main.php (2)
in /home/sprytechies/www/jfinder/protected/extensions/yii-debug-toolbar/yii-debug-toolbar/YiiDebugViewRenderer.php (40)
2014/06/12 17:44:41 [trace] [system.CModule] Loading "widgetFactory" application component
in /home/sprytechies/www/jfinder/protected/extensions/yii-debug-toolbar/yii-debug-toolbar/views/main.php (5)
in /home/sprytechies/www/jfinder/protected/extensions/yii-debug-toolbar/yii-debug-toolbar/YiiDebugViewRenderer.php (40)
in /home/sprytechies/www/jfinder/protected/extensions/yii-debug-toolbar/yii-debug-toolbar/YiiDebugToolbar.php (116)
2014/06/12 17:44:41 [trace] [system.CModule] Loading "log" application component
in /home/sprytechies/www/jfinder/index.php (13)
2014/06/12 17:44:41 [trace] [system.CModule] Loading "urlManager" application component
in /home/sprytechies/www/jfinder/protected/extensions/yii-debug-toolbar/yii-debug-toolbar/YiiDebugToolbarRoute.php (113)
in /home/sprytechies/www/jfinder/index.php (13)
2014/06/12 17:44:41 [trace] [system.CModule] Loading "request" application component
in /home/sprytechies/www/jfinder/protected/extensions/yii-debug-toolbar/yii-debug-toolbar/YiiDebugToolbarRoute.php (113)
in /home/sprytechies/www/jfinder/index.php (13)
2014/06/12 17:44:41 [trace] [system.CModule] Loading "viewRenderer" application component
in /home/sprytechies/www/jfinder/protected/extensions/yii-debug-toolbar/yii-debug-toolbar/panels/YiiDebugToolbarPanelViews.php (36)
in /home/sprytechies/www/jfinder/protected/extensions/yii-debug-toolbar/yii-debug-toolbar/YiiDebugToolbar.php (171)
in /home/sprytechies/www/jfinder/protected/extensions/yii-debug-toolbar/yii-debug-toolbar/YiiDebugToolbar.php (105)
2014/06/12 17:44:41 [trace] [system.CModule] Loading "db" application component
in /home/sprytechies/www/jfinder/protected/extensions/yii-debug-toolbar/yii-debug-toolbar/panels/YiiDebugToolbarPanelSql.php (47)
in /home/sprytechies/www/jfinder/protected/extensions/yii-debug-toolbar/yii-debug-toolbar/YiiDebugToolbar.php (163)
in /home/sprytechies/www/jfinder/protected/extensions/yii-debug-toolbar/yii-debug-toolbar/YiiDebugToolbar.php (105)
2014/06/12 17:44:41 [trace] [system.db.CDbConnection] Opening DB connection
in /home/sprytechies/www/jfinder/protected/extensions/yii-debug-toolbar/yii-debug-toolbar/panels/YiiDebugToolbarPanelSql.php (47)
in /home/sprytechies/www/jfinder/protected/extensions/yii-debug-toolbar/yii-debug-toolbar/YiiDebugToolbar.php (163)
in /home/sprytechies/www/jfinder/protected/extensions/yii-debug-toolbar/yii-debug-toolbar/YiiDebugToolbar.php (105)
2014/06/12 17:44:41 [trace] [system.CModule] Loading "clientScript" application component
in /home/sprytechies/www/jfinder/protected/extensions/yii-debug-toolbar/yii-debug-toolbar/YiiDebugToolbar.php (126)
in /home/sprytechies/www/jfinder/protected/extensions/yii-debug-toolbar/yii-debug-toolbar/YiiDebugToolbar.php (106)
in /home/sprytechies/www/jfinder/protected/extensions/yii-debug-toolbar/yii-debug-toolbar/YiiDebugToolbarRoute.php (139)
2014/06/12 17:44:41 [trace] [system.CModule] Loading "assetManager" application component
in /home/sprytechies/www/jfinder/protected/extensions/yii-debug-toolbar/yii-debug-toolbar/YiiDebugToolbar.php (72)
in /home/sprytechies/www/jfinder/protected/extensions/yii-debug-toolbar/yii-debug-toolbar/YiiDebugToolbar.php (129)
in /home/sprytechies/www/jfinder/protected/extensions/yii-debug-toolbar/yii-debug-toolbar/YiiDebugToolbar.php (106)
2014/06/12 17:44:41 [trace] [system.base.CModule] Loading "admin" module
in /home/sprytechies/www/jfinder/index.php (13)
2014/06/12 17:44:41 [trace] [system.CModule] Loading "bootstrap" application component
in /home/sprytechies/www/jfinder/protected/modules/admin/AdminModule.php (68)
in /home/sprytechies/www/jfinder/protected/modules/admin/AdminModule.php (60)
in /home/sprytechies/www/jfinder/index.php (13)
2014/06/12 17:44:41 [trace] [system.db.CDbCommand] Querying SQL: SHOW FULL COLUMNS FROM `companies`
in /home/sprytechies/www/jfinder/protected/modules/admin/controllers/CompanyController.php (12)
in /home/sprytechies/www/jfinder/index.php (13)
2014/06/12 17:44:41 [trace] [system.db.CDbCommand] Querying SQL: SHOW CREATE TABLE `companies`
in /home/sprytechies/www/jfinder/protected/modules/admin/controllers/CompanyController.php (12)
in /home/sprytechies/www/jfinder/index.php (13)
2014/06/12 17:44:41 [trace] [system.CModule] Loading "user" application component
in /home/sprytechies/www/jfinder/protected/modules/admin/components/AdminController.php (37)
in /home/sprytechies/www/jfinder/protected/modules/admin/controllers/CompanyController.php (16)
in /home/sprytechies/www/jfinder/index.php (13)
2014/06/12 17:44:41 [trace] [system.CModule] Loading "session" application component
in /home/sprytechies/www/jfinder/protected/modules/admin/components/AdminController.php (37)
in /home/sprytechies/www/jfinder/protected/modules/admin/controllers/CompanyController.php (16)
in /home/sprytechies/www/jfinder/index.php (13)
2014/06/12 17:44:41 [trace] [system.db.CDbConnection] Opening DB connection
in /home/sprytechies/www/jfinder/protected/modules/admin/components/AdminController.php (37)
in /home/sprytechies/www/jfinder/protected/modules/admin/controllers/CompanyController.php (16)
in /home/sprytechies/www/jfinder/index.php (13)
2014/06/12 17:44:41 [error] [exception.CDbException] exception 'CDbException' with message 'CDbConnection failed to open the DB connection: could not find driver' in /home/sprytechies/www/jfinder/yii-framework/framework/db/CDbConnection.php:382
Stack trace:
#0 /home/sprytechies/www/jfinder/yii-framework/framework/db/CDbConnection.php(330): CDbConnection->open()
#1 /home/sprytechies/www/jfinder/yii-framework/framework/web/CDbHttpSession.php(200): CDbConnection->setActive(true)
#2 [internal function]: CDbHttpSession->openSession('/var/lib/php5', 'PHPSESSID')
#3 /home/sprytechies/www/jfinder/yii-framework/framework/web/CHttpSession.php(114): session_start()
#4 /home/sprytechies/www/jfinder/yii-framework/framework/web/CHttpSession.php(88): CHttpSession->open()
#5 /home/sprytechies/www/jfinder/yii-framework/framework/base/CModule.php(387): CHttpSession->init()
#6 /home/sprytechies/www/jfinder/yii-framework/framework/web/CWebApplication.php(201): CModule->getComponent('session')
#7 /home/sprytechies/www/jfinder/yii-framework/framework/web/auth/CWebUser.php(199): CWebApplication->getSession()
#8 /home/sprytechies/www/jfinder/yii-framework/framework/base/CModule.php(387): CWebUser->init()
#9 /home/sprytechies/www/jfinder/yii-framework/framework/base/CModule.php(103): CModule->getComponent('user')
#10 /home/sprytechies/www/jfinder/protected/modules/admin/components/AdminController.php(37): CModule->__get('user')
#11 /home/sprytechies/www/jfinder/yii-framework/framework/web/CController.php(780): AdminController->beforeRender('index')
#12 /home/sprytechies/www/jfinder/protected/modules/admin/controllers/CompanyController.php(16): CController->render('index', Array)
#13 /home/sprytechies/www/jfinder/yii-framework/framework/web/actions/CInlineAction.php(49): CompanyController->actionIndex()
#14 /home/sprytechies/www/jfinder/yii-framework/framework/web/CController.php(308): CInlineAction->runWithParams(Array)
#15 /home/sprytechies/www/jfinder/yii-framework/framework/web/CController.php(286): CController->runAction(Object(CInlineAction))
#16 /home/sprytechies/www/jfinder/yii-framework/framework/web/CController.php(265): CController->runActionWithFilters(Object(CInlineAction), Array)
#17 /home/sprytechies/www/jfinder/yii-framework/framework/web/CWebApplication.php(282): CController->run('index')
#18 /home/sprytechies/www/jfinder/yii-framework/framework/web/CWebApplication.php(141): CWebApplication->runController('admin/company/i...')
#19 /home/sprytechies/www/jfinder/yii-framework/framework/base/CApplication.php(180): CWebApplication->processRequest()
#20 /home/sprytechies/www/jfinder/index.php(13): CApplication->run()
#21 {main}
REQUEST_URI=/jfinder/index.php?r=admin/company/index
HTTP_REFERER=http://localhost/jfinder/index.php?r=admin/user/index
---
2014/06/12 17:44:41 [trace] [system.CModule] Loading "errorHandler" application component
2014/06/12 17:44:41 [trace] [system.CModule] Loading "themeManager" application component
2014/06/12 17:44:41 [trace] [system.CModule] Loading "messages" application component
in /home/sprytechies/www/jfinder/protected/extensions/yii-debug-toolbar/yii-debug-toolbar/YiiDebug.php (56)
in /home/sprytechies/www/jfinder/protected/extensions/yii-debug-toolbar/yii-debug-toolbar/views/main.php (2)
in /home/sprytechies/www/jfinder/protected/extensions/yii-debug-toolbar/yii-debug-toolbar/YiiDebugViewRenderer.php (40)
2014/06/12 17:44:41 [trace] [system.CModule] Loading "widgetFactory" application component
in /home/sprytechies/www/jfinder/protected/extensions/yii-debug-toolbar/yii-debug-toolbar/views/main.php (5)
in /home/sprytechies/www/jfinder/protected/extensions/yii-debug-toolbar/yii-debug-toolbar/YiiDebugViewRenderer.php (40)
in /home/sprytechies/www/jfinder/protected/extensions/yii-debug-toolbar/yii-debug-toolbar/YiiDebugToolbar.php (116)
2014/06/12 17:44:42 [trace] [system.CModule] Loading "log" application component
in /home/sprytechies/www/jfinder/index.php (13)
2014/06/12 17:44:42 [trace] [system.CModule] Loading "urlManager" application component
in /home/sprytechies/www/jfinder/protected/extensions/yii-debug-toolbar/yii-debug-toolbar/YiiDebugToolbarRoute.php (113)
in /home/sprytechies/www/jfinder/index.php (13)
2014/06/12 17:44:42 [trace] [system.CModule] Loading "request" application component
in /home/sprytechies/www/jfinder/protected/extensions/yii-debug-toolbar/yii-debug-toolbar/YiiDebugToolbarRoute.php (113)
in /home/sprytechies/www/jfinder/index.php (13)
2014/06/12 17:44:42 [trace] [system.CModule] Loading "viewRenderer" application component
in /home/sprytechies/www/jfinder/protected/extensions/yii-debug-toolbar/yii-debug-toolbar/panels/YiiDebugToolbarPanelViews.php (36)
in /home/sprytechies/www/jfinder/protected/extensions/yii-debug-toolbar/yii-debug-toolbar/YiiDebugToolbar.php (171)
in /home/sprytechies/www/jfinder/protected/extensions/yii-debug-toolbar/yii-debug-toolbar/YiiDebugToolbar.php (105)
2014/06/12 17:44:42 [trace] [system.CModule] Loading "db" application component
in /home/sprytechies/www/jfinder/protected/extensions/yii-debug-toolbar/yii-debug-toolbar/panels/YiiDebugToolbarPanelSql.php (47)
in /home/sprytechies/www/jfinder/protected/extensions/yii-debug-toolbar/yii-debug-toolbar/YiiDebugToolbar.php (163)
in /home/sprytechies/www/jfinder/protected/extensions/yii-debug-toolbar/yii-debug-toolbar/YiiDebugToolbar.php (105)
2014/06/12 17:44:42 [trace] [system.db.CDbConnection] Opening DB connection
in /home/sprytechies/www/jfinder/protected/extensions/yii-debug-toolbar/yii-debug-toolbar/panels/YiiDebugToolbarPanelSql.php (47)
in /home/sprytechies/www/jfinder/protected/extensions/yii-debug-toolbar/yii-debug-toolbar/YiiDebugToolbar.php (163)
in /home/sprytechies/www/jfinder/protected/extensions/yii-debug-toolbar/yii-debug-toolbar/YiiDebugToolbar.php (105)
2014/06/12 17:44:42 [trace] [system.CModule] Loading "clientScript" application component
in /home/sprytechies/www/jfinder/protected/extensions/yii-debug-toolbar/yii-debug-toolbar/YiiDebugToolbar.php (126)
in /home/sprytechies/www/jfinder/protected/extensions/yii-debug-toolbar/yii-debug-toolbar/YiiDebugToolbar.php (106)
in /home/sprytechies/www/jfinder/protected/extensions/yii-debug-toolbar/yii-debug-toolbar/YiiDebugToolbarRoute.php (139)
2014/06/12 17:44:42 [trace] [system.CModule] Loading "assetManager" application component
in /home/sprytechies/www/jfinder/protected/extensions/yii-debug-toolbar/yii-debug-toolbar/YiiDebugToolbar.php (72)
in /home/sprytechies/www/jfinder/protected/extensions/yii-debug-toolbar/yii-debug-toolbar/YiiDebugToolbar.php (129)
in /home/sprytechies/www/jfinder/protected/extensions/yii-debug-toolbar/yii-debug-toolbar/YiiDebugToolbar.php (106)
2014/06/12 17:44:42 [trace] [system.base.CModule] Loading "admin" module
in /home/sprytechies/www/jfinder/index.php (13)
2014/06/12 17:44:42 [trace] [system.CModule] Loading "bootstrap" application component
in /home/sprytechies/www/jfinder/protected/modules/admin/AdminModule.php (68)
in /home/sprytechies/www/jfinder/protected/modules/admin/AdminModule.php (60)
in /home/sprytechies/www/jfinder/index.php (13)
2014/06/12 17:44:42 [trace] [system.db.CDbCommand] Querying SQL: SHOW FULL COLUMNS FROM `users`
in /home/sprytechies/www/jfinder/protected/modules/admin/controllers/UserController.php (16)
in /home/sprytechies/www/jfinder/index.php (13)
2014/06/12 17:44:42 [trace] [system.db.CDbCommand] Querying SQL: SHOW CREATE TABLE `users`
in /home/sprytechies/www/jfinder/protected/modules/admin/controllers/UserController.php (16)
in /home/sprytechies/www/jfinder/index.php (13)
2014/06/12 17:44:42 [trace] [system.CModule] Loading "user" application component
in /home/sprytechies/www/jfinder/protected/modules/admin/components/AdminController.php (37)
in /home/sprytechies/www/jfinder/protected/modules/admin/controllers/UserController.php (22)
in /home/sprytechies/www/jfinder/index.php (13)
2014/06/12 17:44:42 [trace] [system.CModule] Loading "session" application component
in /home/sprytechies/www/jfinder/protected/modules/admin/components/AdminController.php (37)
in /home/sprytechies/www/jfinder/protected/modules/admin/controllers/UserController.php (22)
in /home/sprytechies/www/jfinder/index.php (13)
2014/06/12 17:44:42 [trace] [system.db.CDbConnection] Opening DB connection
in /home/sprytechies/www/jfinder/protected/modules/admin/components/AdminController.php (37)
in /home/sprytechies/www/jfinder/protected/modules/admin/controllers/UserController.php (22)
in /home/sprytechies/www/jfinder/index.php (13)
2014/06/12 17:44:42 [error] [exception.CDbException] exception 'CDbException' with message 'CDbConnection failed to open the DB connection: could not find driver' in /home/sprytechies/www/jfinder/yii-framework/framework/db/CDbConnection.php:382
Stack trace:
#0 /home/sprytechies/www/jfinder/yii-framework/framework/db/CDbConnection.php(330): CDbConnection->open()
#1 /home/sprytechies/www/jfinder/yii-framework/framework/web/CDbHttpSession.php(200): CDbConnection->setActive(true)
#2 [internal function]: CDbHttpSession->openSession('/var/lib/php5', 'PHPSESSID')
#3 /home/sprytechies/www/jfinder/yii-framework/framework/web/CHttpSession.php(114): session_start()
#4 /home/sprytechies/www/jfinder/yii-framework/framework/web/CHttpSession.php(88): CHttpSession->open()
#5 /home/sprytechies/www/jfinder/yii-framework/framework/base/CModule.php(387): CHttpSession->init()
#6 /home/sprytechies/www/jfinder/yii-framework/framework/web/CWebApplication.php(201): CModule->getComponent('session')
#7 /home/sprytechies/www/jfinder/yii-framework/framework/web/auth/CWebUser.php(199): CWebApplication->getSession()
#8 /home/sprytechies/www/jfinder/yii-framework/framework/base/CModule.php(387): CWebUser->init()
#9 /home/sprytechies/www/jfinder/yii-framework/framework/base/CModule.php(103): CModule->getComponent('user')
#10 /home/sprytechies/www/jfinder/protected/modules/admin/components/AdminController.php(37): CModule->__get('user')
#11 /home/sprytechies/www/jfinder/yii-framework/framework/web/CController.php(780): AdminController->beforeRender('index')
#12 /home/sprytechies/www/jfinder/protected/modules/admin/controllers/UserController.php(22): CController->render('index', Array)
#13 /home/sprytechies/www/jfinder/yii-framework/framework/web/actions/CInlineAction.php(49): UserController->actionIndex()
#14 /home/sprytechies/www/jfinder/yii-framework/framework/web/CController.php(308): CInlineAction->runWithParams(Array)
#15 /home/sprytechies/www/jfinder/yii-framework/framework/web/CController.php(286): CController->runAction(Object(CInlineAction))
#16 /home/sprytechies/www/jfinder/yii-framework/framework/web/CController.php(265): CController->runActionWithFilters(Object(CInlineAction), Array)
#17 /home/sprytechies/www/jfinder/yii-framework/framework/web/CWebApplication.php(282): CController->run('index')
#18 /home/sprytechies/www/jfinder/yii-framework/framework/web/CWebApplication.php(141): CWebApplication->runController('admin/user/inde...')
#19 /home/sprytechies/www/jfinder/yii-framework/framework/base/CApplication.php(180): CWebApplication->processRequest()
#20 /home/sprytechies/www/jfinder/index.php(13): CApplication->run()
#21 {main}
REQUEST_URI=/jfinder/index.php?r=admin/user/index
HTTP_REFERER=http://localhost/jfinder/index.php?r=admin/dashboard/index
---
2014/06/12 17:44:42 [trace] [system.CModule] Loading "errorHandler" application component
2014/06/12 17:44:42 [trace] [system.CModule] Loading "themeManager" application component
2014/06/12 17:44:42 [trace] [system.CModule] Loading "messages" application component
in /home/sprytechies/www/jfinder/protected/extensions/yii-debug-toolbar/yii-debug-toolbar/YiiDebug.php (56)
in /home/sprytechies/www/jfinder/protected/extensions/yii-debug-toolbar/yii-debug-toolbar/views/main.php (2)
in /home/sprytechies/www/jfinder/protected/extensions/yii-debug-toolbar/yii-debug-toolbar/YiiDebugViewRenderer.php (40)
2014/06/12 17:44:42 [trace] [system.CModule] Loading "widgetFactory" application component
in /home/sprytechies/www/jfinder/protected/extensions/yii-debug-toolbar/yii-debug-toolbar/views/main.php (5)
in /home/sprytechies/www/jfinder/protected/extensions/yii-debug-toolbar/yii-debug-toolbar/YiiDebugViewRenderer.php (40)
in /home/sprytechies/www/jfinder/protected/extensions/yii-debug-toolbar/yii-debug-toolbar/YiiDebugToolbar.php (116)
2014/06/12 17:44:43 [trace] [system.CModule] Loading "log" application component
in /home/sprytechies/www/jfinder/index.php (13)
2014/06/12 17:44:43 [trace] [system.CModule] Loading "urlManager" application component
in /home/sprytechies/www/jfinder/protected/extensions/yii-debug-toolbar/yii-debug-toolbar/YiiDebugToolbarRoute.php (113)
in /home/sprytechies/www/jfinder/index.php (13)
2014/06/12 17:44:43 [trace] [system.CModule] Loading "request" application component
in /home/sprytechies/www/jfinder/protected/extensions/yii-debug-toolbar/yii-debug-toolbar/YiiDebugToolbarRoute.php (113)
in /home/sprytechies/www/jfinder/index.php (13)
2014/06/12 17:44:43 [trace] [system.CModule] Loading "viewRenderer" application component
in /home/sprytechies/www/jfinder/protected/extensions/yii-debug-toolbar/yii-debug-toolbar/panels/YiiDebugToolbarPanelViews.php (36)
in /home/sprytechies/www/jfinder/protected/extensions/yii-debug-toolbar/yii-debug-toolbar/YiiDebugToolbar.php (171)
in /home/sprytechies/www/jfinder/protected/extensions/yii-debug-toolbar/yii-debug-toolbar/YiiDebugToolbar.php (105)
2014/06/12 17:44:43 [trace] [system.CModule] Loading "db" application component
in /home/sprytechies/www/jfinder/protected/extensions/yii-debug-toolbar/yii-debug-toolbar/panels/YiiDebugToolbarPanelSql.php (47)
in /home/sprytechies/www/jfinder/protected/extensions/yii-debug-toolbar/yii-debug-toolbar/YiiDebugToolbar.php (163)
in /home/sprytechies/www/jfinder/protected/extensions/yii-debug-toolbar/yii-debug-toolbar/YiiDebugToolbar.php (105)
2014/06/12 17:44:43 [trace] [system.db.CDbConnection] Opening DB connection
in /home/sprytechies/www/jfinder/protected/extensions/yii-debug-toolbar/yii-debug-toolbar/panels/YiiDebugToolbarPanelSql.php (47)
in /home/sprytechies/www/jfinder/protected/extensions/yii-debug-toolbar/yii-debug-toolbar/YiiDebugToolbar.php (163)
in /home/sprytechies/www/jfinder/protected/extensions/yii-debug-toolbar/yii-debug-toolbar/YiiDebugToolbar.php (105)
2014/06/12 17:44:43 [trace] [system.CModule] Loading "clientScript" application component
in /home/sprytechies/www/jfinder/protected/extensions/yii-debug-toolbar/yii-debug-toolbar/YiiDebugToolbar.php (126)
in /home/sprytechies/www/jfinder/protected/extensions/yii-debug-toolbar/yii-debug-toolbar/YiiDebugToolbar.php (106)
in /home/sprytechies/www/jfinder/protected/extensions/yii-debug-toolbar/yii-debug-toolbar/YiiDebugToolbarRoute.php (139)
2014/06/12 17:44:43 [trace] [system.CModule] Loading "assetManager" application component
in /home/sprytechies/www/jfinder/protected/extensions/yii-debug-toolbar/yii-debug-toolbar/YiiDebugToolbar.php (72)
in /home/sprytechies/www/jfinder/protected/extensions/yii-debug-toolbar/yii-debug-toolbar/YiiDebugToolbar.php (129)
in /home/sprytechies/www/jfinder/protected/extensions/yii-debug-toolbar/yii-debug-toolbar/YiiDebugToolbar.php (106)
2014/06/12 17:44:43 [trace] [system.base.CModule] Loading "admin" module
in /home/sprytechies/www/jfinder/index.php (13)
2014/06/12 17:44:43 [trace] [system.CModule] Loading "bootstrap" application component
in /home/sprytechies/www/jfinder/protected/modules/admin/AdminModule.php (68)
in /home/sprytechies/www/jfinder/protected/modules/admin/AdminModule.php (60)
in /home/sprytechies/www/jfinder/index.php (13)
2014/06/12 17:44:43 [trace] [system.web.filters.CFilterChain] Running filter DashboardController.filteraccessControl()
in /home/sprytechies/www/jfinder/index.php (13)
2014/06/12 17:44:43 [trace] [system.CModule] Loading "user" application component
in /home/sprytechies/www/jfinder/index.php (13)
2014/06/12 17:44:43 [trace] [system.CModule] Loading "session" application component
in /home/sprytechies/www/jfinder/index.php (13)
2014/06/12 17:44:43 [trace] [system.db.CDbConnection] Opening DB connection
in /home/sprytechies/www/jfinder/index.php (13)
2014/06/12 17:44:43 [error] [exception.CDbException] exception 'CDbException' with message 'CDbConnection failed to open the DB connection: could not find driver' in /home/sprytechies/www/jfinder/yii-framework/framework/db/CDbConnection.php:382
Stack trace:
#0 /home/sprytechies/www/jfinder/yii-framework/framework/db/CDbConnection.php(330): CDbConnection->open()
#1 /home/sprytechies/www/jfinder/yii-framework/framework/web/CDbHttpSession.php(200): CDbConnection->setActive(true)
#2 [internal function]: CDbHttpSession->openSession('/var/lib/php5', 'PHPSESSID')
#3 /home/sprytechies/www/jfinder/yii-framework/framework/web/CHttpSession.php(114): session_start()
#4 /home/sprytechies/www/jfinder/yii-framework/framework/web/CHttpSession.php(88): CHttpSession->open()
#5 /home/sprytechies/www/jfinder/yii-framework/framework/base/CModule.php(387): CHttpSession->init()
#6 /home/sprytechies/www/jfinder/yii-framework/framework/web/CWebApplication.php(201): CModule->getComponent('session')
#7 /home/sprytechies/www/jfinder/yii-framework/framework/web/auth/CWebUser.php(199): CWebApplication->getSession()
#8 /home/sprytechies/www/jfinder/yii-framework/framework/base/CModule.php(387): CWebUser->init()
#9 /home/sprytechies/www/jfinder/yii-framework/framework/web/CWebApplication.php(209): CModule->getComponent('user')
#10 /home/sprytechies/www/jfinder/yii-framework/framework/web/auth/CAccessControlFilter.php(132): CWebApplication->getUser()
#11 /home/sprytechies/www/jfinder/yii-framework/framework/web/filters/CFilter.php(38): CAccessControlFilter->preFilter(Object(CFilterChain))
#12 /home/sprytechies/www/jfinder/yii-framework/framework/web/CController.php(1145): CFilter->filter(Object(CFilterChain))
#13 /home/sprytechies/www/jfinder/yii-framework/framework/web/filters/CInlineFilter.php(58): CController->filterAccessControl(Object(CFilterChain))
#14 /home/sprytechies/www/jfinder/yii-framework/framework/web/filters/CFilterChain.php(130): CInlineFilter->filter(Object(CFilterChain))
#15 /home/sprytechies/www/jfinder/yii-framework/framework/web/CController.php(291): CFilterChain->run()
#16 /home/sprytechies/www/jfinder/yii-framework/framework/web/CController.php(265): CController->runActionWithFilters(Object(CInlineAction), Array)
#17 /home/sprytechies/www/jfinder/yii-framework/framework/web/CWebApplication.php(282): CController->run('index')
#18 /home/sprytechies/www/jfinder/yii-framework/framework/web/CWebApplication.php(141): CWebApplication->runController('admin/dashboard...')
#19 /home/sprytechies/www/jfinder/yii-framework/framework/base/CApplication.php(180): CWebApplication->processRequest()
#20 /home/sprytechies/www/jfinder/index.php(13): CApplication->run()
#21 {main}
REQUEST_URI=/jfinder/index.php?r=admin/dashboard/index
HTTP_REFERER=http://localhost/jfinder/index.php?r=admin/company/company_user
---
2014/06/12 17:44:43 [trace] [system.CModule] Loading "errorHandler" application component
2014/06/12 17:44:43 [trace] [system.CModule] Loading "themeManager" application component
2014/06/12 17:44:43 [trace] [system.CModule] Loading "messages" application component
in /home/sprytechies/www/jfinder/protected/extensions/yii-debug-toolbar/yii-debug-toolbar/YiiDebug.php (56)
in /home/sprytechies/www/jfinder/protected/extensions/yii-debug-toolbar/yii-debug-toolbar/views/main.php (2)
in /home/sprytechies/www/jfinder/protected/extensions/yii-debug-toolbar/yii-debug-toolbar/YiiDebugViewRenderer.php (40)
2014/06/12 17:44:43 [trace] [system.CModule] Loading "widgetFactory" application component
in /home/sprytechies/www/jfinder/protected/extensions/yii-debug-toolbar/yii-debug-toolbar/views/main.php (5)
in /home/sprytechies/www/jfinder/protected/extensions/yii-debug-toolbar/yii-debug-toolbar/YiiDebugViewRenderer.php (40)
in /home/sprytechies/www/jfinder/protected/extensions/yii-debug-toolbar/yii-debug-toolbar/YiiDebugToolbar.php (116)
2014/06/12 17:44:44 [trace] [system.CModule] Loading "log" application component
in /home/sprytechies/www/jfinder/index.php (13)
2014/06/12 17:44:44 [trace] [system.CModule] Loading "urlManager" application component
in /home/sprytechies/www/jfinder/protected/extensions/yii-debug-toolbar/yii-debug-toolbar/YiiDebugToolbarRoute.php (113)
in /home/sprytechies/www/jfinder/index.php (13)
2014/06/12 17:44:44 [trace] [system.CModule] Loading "request" application component
in /home/sprytechies/www/jfinder/protected/extensions/yii-debug-toolbar/yii-debug-toolbar/YiiDebugToolbarRoute.php (113)
in /home/sprytechies/www/jfinder/index.php (13)
2014/06/12 17:44:44 [trace] [system.CModule] Loading "viewRenderer" application component
in /home/sprytechies/www/jfinder/protected/extensions/yii-debug-toolbar/yii-debug-toolbar/panels/YiiDebugToolbarPanelViews.php (36)
in /home/sprytechies/www/jfinder/protected/extensions/yii-debug-toolbar/yii-debug-toolbar/YiiDebugToolbar.php (171)
in /home/sprytechies/www/jfinder/protected/extensions/yii-debug-toolbar/yii-debug-toolbar/YiiDebugToolbar.php (105)
2014/06/12 17:44:44 [trace] [system.CModule] Loading "db" application component
in /home/sprytechies/www/jfinder/protected/extensions/yii-debug-toolbar/yii-debug-toolbar/panels/YiiDebugToolbarPanelSql.php (47)
in /home/sprytechies/www/jfinder/protected/extensions/yii-debug-toolbar/yii-debug-toolbar/YiiDebugToolbar.php (163)
in /home/sprytechies/www/jfinder/protected/extensions/yii-debug-toolbar/yii-debug-toolbar/YiiDebugToolbar.php (105)
2014/06/12 17:44:44 [trace] [system.db.CDbConnection] Opening DB connection
in /home/sprytechies/www/jfinder/protected/extensions/yii-debug-toolbar/yii-debug-toolbar/panels/YiiDebugToolbarPanelSql.php (47)
in /home/sprytechies/www/jfinder/protected/extensions/yii-debug-toolbar/yii-debug-toolbar/YiiDebugToolbar.php (163)
in /home/sprytechies/www/jfinder/protected/extensions/yii-debug-toolbar/yii-debug-toolbar/YiiDebugToolbar.php (105)
2014/06/12 17:44:44 [trace] [system.CModule] Loading "clientScript" application component
in /home/sprytechies/www/jfinder/protected/extensions/yii-debug-toolbar/yii-debug-toolbar/YiiDebugToolbar.php (126)
in /home/sprytechies/www/jfinder/protected/extensions/yii-debug-toolbar/yii-debug-toolbar/YiiDebugToolbar.php (106)
in /home/sprytechies/www/jfinder/protected/extensions/yii-debug-toolbar/yii-debug-toolbar/YiiDebugToolbarRoute.php (139)
2014/06/12 17:44:44 [trace] [system.CModule] Loading "assetManager" application component
in /home/sprytechies/www/jfinder/protected/extensions/yii-debug-toolbar/yii-debug-toolbar/YiiDebugToolbar.php (72)
in /home/sprytechies/www/jfinder/protected/extensions/yii-debug-toolbar/yii-debug-toolbar/YiiDebugToolbar.php (129)
in /home/sprytechies/www/jfinder/protected/extensions/yii-debug-toolbar/yii-debug-toolbar/YiiDebugToolbar.php (106)
2014/06/12 17:44:44 [trace] [system.base.CModule] Loading "admin" module
in /home/sprytechies/www/jfinder/index.php (13)
2014/06/12 17:44:44 [trace] [system.CModule] Loading "bootstrap" application component
in /home/sprytechies/www/jfinder/protected/modules/admin/AdminModule.php (68)
in /home/sprytechies/www/jfinder/protected/modules/admin/AdminModule.php (60)
in /home/sprytechies/www/jfinder/index.php (13)
2014/06/12 17:44:44 [trace] [system.db.CDbCommand] Querying SQL: SHOW FULL COLUMNS FROM `users`
in /home/sprytechies/www/jfinder/protected/modules/admin/controllers/CompanyController.php (147)
in /home/sprytechies/www/jfinder/index.php (13)
2014/06/12 17:44:44 [trace] [system.db.CDbCommand] Querying SQL: SHOW CREATE TABLE `users`
in /home/sprytechies/www/jfinder/protected/modules/admin/controllers/CompanyController.php (147)
in /home/sprytechies/www/jfinder/index.php (13)
2014/06/12 17:44:44 [trace] [system.CModule] Loading "user" application component
in /home/sprytechies/www/jfinder/protected/modules/admin/components/AdminController.php (37)
in /home/sprytechies/www/jfinder/protected/modules/admin/controllers/CompanyController.php (153)
in /home/sprytechies/www/jfinder/index.php (13)
2014/06/12 17:44:44 [trace] [system.CModule] Loading "session" application component
in /home/sprytechies/www/jfinder/protected/modules/admin/components/AdminController.php (37)
in /home/sprytechies/www/jfinder/protected/modules/admin/controllers/CompanyController.php (153)
in /home/sprytechies/www/jfinder/index.php (13)
2014/06/12 17:44:44 [trace] [system.db.CDbConnection] Opening DB connection
in /home/sprytechies/www/jfinder/protected/modules/admin/components/AdminController.php (37)
in /home/sprytechies/www/jfinder/protected/modules/admin/controllers/CompanyController.php (153)
in /home/sprytechies/www/jfinder/index.php (13)
2014/06/12 17:44:44 [error] [exception.CDbException] exception 'CDbException' with message 'CDbConnection failed to open the DB connection: could not find driver' in /home/sprytechies/www/jfinder/yii-framework/framework/db/CDbConnection.php:382
Stack trace:
#0 /home/sprytechies/www/jfinder/yii-framework/framework/db/CDbConnection.php(330): CDbConnection->open()
#1 /home/sprytechies/www/jfinder/yii-framework/framework/web/CDbHttpSession.php(200): CDbConnection->setActive(true)
#2 [internal function]: CDbHttpSession->openSession('/var/lib/php5', 'PHPSESSID')
#3 /home/sprytechies/www/jfinder/yii-framework/framework/web/CHttpSession.php(114): session_start()
#4 /home/sprytechies/www/jfinder/yii-framework/framework/web/CHttpSession.php(88): CHttpSession->open()
#5 /home/sprytechies/www/jfinder/yii-framework/framework/base/CModule.php(387): CHttpSession->init()
#6 /home/sprytechies/www/jfinder/yii-framework/framework/web/CWebApplication.php(201): CModule->getComponent('session')
#7 /home/sprytechies/www/jfinder/yii-framework/framework/web/auth/CWebUser.php(199): CWebApplication->getSession()
#8 /home/sprytechies/www/jfinder/yii-framework/framework/base/CModule.php(387): CWebUser->init()
#9 /home/sprytechies/www/jfinder/yii-framework/framework/base/CModule.php(103): CModule->getComponent('user')
#10 /home/sprytechies/www/jfinder/protected/modules/admin/components/AdminController.php(37): CModule->__get('user')
#11 /home/sprytechies/www/jfinder/yii-framework/framework/web/CController.php(780): AdminController->beforeRender('company_user')
#12 /home/sprytechies/www/jfinder/protected/modules/admin/controllers/CompanyController.php(153): CController->render('company_user', Array)
#13 /home/sprytechies/www/jfinder/yii-framework/framework/web/actions/CInlineAction.php(49): CompanyController->actionCompany_user()
#14 /home/sprytechies/www/jfinder/yii-framework/framework/web/CController.php(308): CInlineAction->runWithParams(Array)
#15 /home/sprytechies/www/jfinder/yii-framework/framework/web/CController.php(286): CController->runAction(Object(CInlineAction))
#16 /home/sprytechies/www/jfinder/yii-framework/framework/web/CController.php(265): CController->runActionWithFilters(Object(CInlineAction), Array)
#17 /home/sprytechies/www/jfinder/yii-framework/framework/web/CWebApplication.php(282): CController->run('company_user')
#18 /home/sprytechies/www/jfinder/yii-framework/framework/web/CWebApplication.php(141): CWebApplication->runController('admin/company/c...')
#19 /home/sprytechies/www/jfinder/yii-framework/framework/base/CApplication.php(180): CWebApplication->processRequest()
#20 /home/sprytechies/www/jfinder/index.php(13): CApplication->run()
#21 {main}
REQUEST_URI=/jfinder/index.php?r=admin/company/company_user
HTTP_REFERER=http://localhost/jfinder/index.php?r=admin/company/index
---
2014/06/12 17:44:44 [trace] [system.CModule] Loading "errorHandler" application component
2014/06/12 17:44:44 [trace] [system.CModule] Loading "themeManager" application component
2014/06/12 17:44:44 [trace] [system.CModule] Loading "messages" application component
in /home/sprytechies/www/jfinder/protected/extensions/yii-debug-toolbar/yii-debug-toolbar/YiiDebug.php (56)
in /home/sprytechies/www/jfinder/protected/extensions/yii-debug-toolbar/yii-debug-toolbar/views/main.php (2)
in /home/sprytechies/www/jfinder/protected/extensions/yii-debug-toolbar/yii-debug-toolbar/YiiDebugViewRenderer.php (40)
2014/06/12 17:44:44 [trace] [system.CModule] Loading "widgetFactory" application component
in /home/sprytechies/www/jfinder/protected/extensions/yii-debug-toolbar/yii-debug-toolbar/views/main.php (5)
in /home/sprytechies/www/jfinder/protected/extensions/yii-debug-toolbar/yii-debug-toolbar/YiiDebugViewRenderer.php (40)
in /home/sprytechies/www/jfinder/protected/extensions/yii-debug-toolbar/yii-debug-toolbar/YiiDebugToolbar.php (116)
2014/06/12 17:44:45 [trace] [system.CModule] Loading "log" application component
in /home/sprytechies/www/jfinder/index.php (13)
2014/06/12 17:44:45 [trace] [system.CModule] Loading "urlManager" application component
in /home/sprytechies/www/jfinder/protected/extensions/yii-debug-toolbar/yii-debug-toolbar/YiiDebugToolbarRoute.php (113)
in /home/sprytechies/www/jfinder/index.php (13)
2014/06/12 17:44:45 [trace] [system.CModule] Loading "request" application component
in /home/sprytechies/www/jfinder/protected/extensions/yii-debug-toolbar/yii-debug-toolbar/YiiDebugToolbarRoute.php (113)
in /home/sprytechies/www/jfinder/index.php (13)
2014/06/12 17:44:45 [trace] [system.CModule] Loading "viewRenderer" application component
in /home/sprytechies/www/jfinder/protected/extensions/yii-debug-toolbar/yii-debug-toolbar/panels/YiiDebugToolbarPanelViews.php (36)
in /home/sprytechies/www/jfinder/protected/extensions/yii-debug-toolbar/yii-debug-toolbar/YiiDebugToolbar.php (171)
in /home/sprytechies/www/jfinder/protected/extensions/yii-debug-toolbar/yii-debug-toolbar/YiiDebugToolbar.php (105)
2014/06/12 17:44:45 [trace] [system.CModule] Loading "db" application component
in /home/sprytechies/www/jfinder/protected/extensions/yii-debug-toolbar/yii-debug-toolbar/panels/YiiDebugToolbarPanelSql.php (47)
in /home/sprytechies/www/jfinder/protected/extensions/yii-debug-toolbar/yii-debug-toolbar/YiiDebugToolbar.php (163)
in /home/sprytechies/www/jfinder/protected/extensions/yii-debug-toolbar/yii-debug-toolbar/YiiDebugToolbar.php (105)
2014/06/12 17:44:45 [trace] [system.db.CDbConnection] Opening DB connection
in /home/sprytechies/www/jfinder/protected/extensions/yii-debug-toolbar/yii-debug-toolbar/panels/YiiDebugToolbarPanelSql.php (47)
in /home/sprytechies/www/jfinder/protected/extensions/yii-debug-toolbar/yii-debug-toolbar/YiiDebugToolbar.php (163)
in /home/sprytechies/www/jfinder/protected/extensions/yii-debug-toolbar/yii-debug-toolbar/YiiDebugToolbar.php (105)
2014/06/12 17:44:45 [trace] [system.CModule] Loading "clientScript" application component
in /home/sprytechies/www/jfinder/protected/extensions/yii-debug-toolbar/yii-debug-toolbar/YiiDebugToolbar.php (126)
in /home/sprytechies/www/jfinder/protected/extensions/yii-debug-toolbar/yii-debug-toolbar/YiiDebugToolbar.php (106)
in /home/sprytechies/www/jfinder/protected/extensions/yii-debug-toolbar/yii-debug-toolbar/YiiDebugToolbarRoute.php (139)
2014/06/12 17:44:45 [trace] [system.CModule] Loading "assetManager" application component
in /home/sprytechies/www/jfinder/protected/extensions/yii-debug-toolbar/yii-debug-toolbar/YiiDebugToolbar.php (72)
in /home/sprytechies/www/jfinder/protected/extensions/yii-debug-toolbar/yii-debug-toolbar/YiiDebugToolbar.php (129)
in /home/sprytechies/www/jfinder/protected/extensions/yii-debug-toolbar/yii-debug-toolbar/YiiDebugToolbar.php (106)
2014/06/12 17:44:45 [trace] [system.base.CModule] Loading "admin" module
in /home/sprytechies/www/jfinder/index.php (13)
2014/06/12 17:44:45 [trace] [system.CModule] Loading "bootstrap" application component
in /home/sprytechies/www/jfinder/protected/modules/admin/AdminModule.php (68)
in /home/sprytechies/www/jfinder/protected/modules/admin/AdminModule.php (60)
in /home/sprytechies/www/jfinder/index.php (13)
2014/06/12 17:44:45 [trace] [system.db.CDbCommand] Querying SQL: SHOW FULL COLUMNS FROM `companies`
in /home/sprytechies/www/jfinder/protected/modules/admin/controllers/CompanyController.php (12)
in /home/sprytechies/www/jfinder/index.php (13)
2014/06/12 17:44:45 [trace] [system.db.CDbCommand] Querying SQL: SHOW CREATE TABLE `companies`
in /home/sprytechies/www/jfinder/protected/modules/admin/controllers/CompanyController.php (12)
in /home/sprytechies/www/jfinder/index.php (13)
2014/06/12 17:44:45 [trace] [system.CModule] Loading "user" application component
in /home/sprytechies/www/jfinder/protected/modules/admin/components/AdminController.php (37)
in /home/sprytechies/www/jfinder/protected/modules/admin/controllers/CompanyController.php (16)
in /home/sprytechies/www/jfinder/index.php (13)
2014/06/12 17:44:45 [trace] [system.CModule] Loading "session" application component
in /home/sprytechies/www/jfinder/protected/modules/admin/components/AdminController.php (37)
in /home/sprytechies/www/jfinder/protected/modules/admin/controllers/CompanyController.php (16)
in /home/sprytechies/www/jfinder/index.php (13)
2014/06/12 17:44:45 [trace] [system.db.CDbConnection] Opening DB connection
in /home/sprytechies/www/jfinder/protected/modules/admin/components/AdminController.php (37)
in /home/sprytechies/www/jfinder/protected/modules/admin/controllers/CompanyController.php (16)
in /home/sprytechies/www/jfinder/index.php (13)
2014/06/12 17:44:45 [error] [exception.CDbException] exception 'CDbException' with message 'CDbConnection failed to open the DB connection: could not find driver' in /home/sprytechies/www/jfinder/yii-framework/framework/db/CDbConnection.php:382
Stack trace:
#0 /home/sprytechies/www/jfinder/yii-framework/framework/db/CDbConnection.php(330): CDbConnection->open()
#1 /home/sprytechies/www/jfinder/yii-framework/framework/web/CDbHttpSession.php(200): CDbConnection->setActive(true)
#2 [internal function]: CDbHttpSession->openSession('/var/lib/php5', 'PHPSESSID')
#3 /home/sprytechies/www/jfinder/yii-framework/framework/web/CHttpSession.php(114): session_start()
#4 /home/sprytechies/www/jfinder/yii-framework/framework/web/CHttpSession.php(88): CHttpSession->open()
#5 /home/sprytechies/www/jfinder/yii-framework/framework/base/CModule.php(387): CHttpSession->init()
#6 /home/sprytechies/www/jfinder/yii-framework/framework/web/CWebApplication.php(201): CModule->getComponent('session')
#7 /home/sprytechies/www/jfinder/yii-framework/framework/web/auth/CWebUser.php(199): CWebApplication->getSession()
#8 /home/sprytechies/www/jfinder/yii-framework/framework/base/CModule.php(387): CWebUser->init()
#9 /home/sprytechies/www/jfinder/yii-framework/framework/base/CModule.php(103): CModule->getComponent('user')
#10 /home/sprytechies/www/jfinder/protected/modules/admin/components/AdminController.php(37): CModule->__get('user')
#11 /home/sprytechies/www/jfinder/yii-framework/framework/web/CController.php(780): AdminController->beforeRender('index')
#12 /home/sprytechies/www/jfinder/protected/modules/admin/controllers/CompanyController.php(16): CController->render('index', Array)
#13 /home/sprytechies/www/jfinder/yii-framework/framework/web/actions/CInlineAction.php(49): CompanyController->actionIndex()
#14 /home/sprytechies/www/jfinder/yii-framework/framework/web/CController.php(308): CInlineAction->runWithParams(Array)
#15 /home/sprytechies/www/jfinder/yii-framework/framework/web/CController.php(286): CController->runAction(Object(CInlineAction))
#16 /home/sprytechies/www/jfinder/yii-framework/framework/web/CController.php(265): CController->runActionWithFilters(Object(CInlineAction), Array)
#17 /home/sprytechies/www/jfinder/yii-framework/framework/web/CWebApplication.php(282): CController->run('index')
#18 /home/sprytechies/www/jfinder/yii-framework/framework/web/CWebApplication.php(141): CWebApplication->runController('admin/company/i...')
#19 /home/sprytechies/www/jfinder/yii-framework/framework/base/CApplication.php(180): CWebApplication->processRequest()
#20 /home/sprytechies/www/jfinder/index.php(13): CApplication->run()
#21 {main}
REQUEST_URI=/jfinder/index.php?r=admin/company/index
HTTP_REFERER=http://localhost/jfinder/index.php?r=admin/user/comp_user
---
2014/06/12 17:44:45 [trace] [system.CModule] Loading "errorHandler" application component
2014/06/12 17:44:45 [trace] [system.CModule] Loading "themeManager" application component
2014/06/12 17:44:45 [trace] [system.CModule] Loading "messages" application component
in /home/sprytechies/www/jfinder/protected/extensions/yii-debug-toolbar/yii-debug-toolbar/YiiDebug.php (56)
in /home/sprytechies/www/jfinder/protected/extensions/yii-debug-toolbar/yii-debug-toolbar/views/main.php (2)
in /home/sprytechies/www/jfinder/protected/extensions/yii-debug-toolbar/yii-debug-toolbar/YiiDebugViewRenderer.php (40)
2014/06/12 17:44:45 [trace] [system.CModule] Loading "widgetFactory" application component
in /home/sprytechies/www/jfinder/protected/extensions/yii-debug-toolbar/yii-debug-toolbar/views/main.php (5)
in /home/sprytechies/www/jfinder/protected/extensions/yii-debug-toolbar/yii-debug-toolbar/YiiDebugViewRenderer.php (40)
in /home/sprytechies/www/jfinder/protected/extensions/yii-debug-toolbar/yii-debug-toolbar/YiiDebugToolbar.php (116)
